<?xml version="1.0" encoding="UTF-8"?>
<testsuites tests="10" failures="0" disabled="0" errors="0" timestamp="2025-02-19T00:16:27" time="0.273" name="AllTests">
  <testsuite name="LogManagerTest" tests="10" failures="0" disabled="0" errors="0" time="0.273">
    <testcase name="LogRecordTest" status="run" time="0.021" classname="LogManagerTest" />
    <testcase name="FlushAllTest" status="run" time="0.021" classname="LogManagerTest" />
    <testcase name="TestCommitCrash" status="run" time="0.016" classname="LogManagerTest" />
    <testcase name="TestAbort" status="run" time="0.024" classname="LogManagerTest" />
    <testcase name="TestAbortCommitInterleaved" status="run" time="0.028" classname="LogManagerTest" />
    <testcase name="TestAbortCrash" status="run" time="0.032" classname="LogManagerTest" />
    <testcase name="TestCommitAbortCommitCrash" status="run" time="0.054" classname="LogManagerTest" />
    <testcase name="TestOpenCrash" status="run" time="0.019" classname="LogManagerTest" />
    <testcase name="TestOpenCommitOpenCrash" status="run" time="0.03" classname="LogManagerTest" />
    <testcase name="TestOpenCommitCheckpointOpenCrash" status="run" time="0.028" classname="LogManagerTest" />
  </testsuite>
</testsuites>
