<?xml version="1.0" encoding="UTF-8"?>
<testsuites tests="10" failures="0" disabled="0" errors="0" timestamp="2025-02-19T00:16:28" time="0.685" name="AllTests">
  <testsuite name="LogManagerTest" tests="10" failures="0" disabled="0" errors="0" time="0.658">
    <testcase name="LogRecordTest" status="run" time="0.046" classname="LogManagerTest" />
    <testcase name="FlushAllTest" status="run" time="0.128" classname="LogManagerTest" />
    <testcase name="TestCommitCrash" status="run" time="0.085" classname="LogManagerTest" />
    <testcase name="TestAbort" status="run" time="0.05" classname="LogManagerTest" />
    <testcase name="TestAbortCommitInterleaved" status="run" time="0.045" classname="LogManagerTest" />
    <testcase name="TestAbortCrash" status="run" time="0.068" classname="LogManagerTest" />
    <testcase name="TestCommitAbortCommitCrash" status="run" time="0.074" classname="LogManagerTest" />
    <testcase name="TestOpenCrash" status="run" time="0.022" classname="LogManagerTest" />
    <testcase name="TestOpenCommitOpenCrash" status="run" time="0.048" classname="LogManagerTest" />
    <testcase name="TestOpenCommitCheckpointOpenCrash" status="run" time="0.074" classname="LogManagerTest" />
  </testsuite>
</testsuites>
