Start testing: Feb 19 00:16 UTC
----------------------------------------------------------
1/2 Testing: log_manager_test
1/2 Test: log_manager_test
Command: "/workspaces/buzzdb/build/test/log_manager_test" "--gtest_color=yes" "--gtest_output=xml:/workspaces/buzzdb/build/test/unit_log_manager_test.xml"
Directory: /workspaces/buzzdb/build
"log_manager_test" start time: Feb 19 00:16 UTC
Output:
----------------------------------------------------------
[0;32m[==========] [mRunning 10 tests from 1 test case.
[0;32m[----------] [mGlobal test environment set-up.
[0;32m[----------] [m10 tests from LogManagerTest
[0;32m[ RUN      ] [mLogManagerTest.LogRecordTest
[0;32m[       OK ] [mLogManagerTest.LogRecordTest (21 ms)
[0;32m[ RUN      ] [mLogManagerTest.FlushAllTest
[0;32m[       OK ] [mLogManagerTest.FlushAllTest (21 ms)
[0;32m[ RUN      ] [mLogManagerTest.TestCommitCrash
[0;32m[       OK ] [mLogManagerTest.TestCommitCrash (16 ms)
[0;32m[ RUN      ] [mLogManagerTest.TestAbort
[0;32m[       OK ] [mLogManagerTest.TestAbort (24 ms)
[0;32m[ RUN      ] [mLogManagerTest.TestAbortCommitInterleaved
[0;32m[       OK ] [mLogManagerTest.TestAbortCommitInterleaved (28 ms)
[0;32m[ RUN      ] [mLogManagerTest.TestAbortCrash
[0;32m[       OK ] [mLogManagerTest.TestAbortCrash (32 ms)
[0;32m[ RUN      ] [mLogManagerTest.TestCommitAbortCommitCrash
[0;32m[       OK ] [mLogManagerTest.TestCommitAbortCommitCrash (54 ms)
[0;32m[ RUN      ] [mLogManagerTest.TestOpenCrash
[0;32m[       OK ] [mLogManagerTest.TestOpenCrash (19 ms)
[0;32m[ RUN      ] [mLogManagerTest.TestOpenCommitOpenCrash
[0;32m[       OK ] [mLogManagerTest.TestOpenCommitOpenCrash (30 ms)
[0;32m[ RUN      ] [mLogManagerTest.TestOpenCommitCheckpointOpenCrash
[0;32m[       OK ] [mLogManagerTest.TestOpenCommitCheckpointOpenCrash (28 ms)
[0;32m[----------] [m10 tests from LogManagerTest (273 ms total)

[0;32m[----------] [mGlobal test environment tear-down
[0;32m[==========] [m10 tests from 1 test case ran. (273 ms total)
[0;32m[  PASSED  ] [m10 tests.
<end of output>
Test time =   0.28 sec
----------------------------------------------------------
Test Passed.
"log_manager_test" end time: Feb 19 00:16 UTC
"log_manager_test" time elapsed: 00:00:00
----------------------------------------------------------

2/2 Testing: log_manager_test_valgrind
2/2 Test: log_manager_test_valgrind
Command: "/usr/bin/valgrind" "--error-exitcode=1" "--leak-check=full" "--soname-synonyms=somalloc=*jemalloc*" "--trace-children=yes" "--track-origins=yes" "--suppressions=/workspaces/buzzdb/script/valgrind.supp" "/workspaces/buzzdb/build/test/log_manager_test_valgrind" "--gtest_color=yes" "--gtest_output=xml:/workspaces/buzzdb/build/test/unit_log_manager_test_valgrind.xml"
Directory: /workspaces/buzzdb/build
"log_manager_test_valgrind" start time: Feb 19 00:16 UTC
Output:
----------------------------------------------------------
==27646== Memcheck, a memory error detector
==27646== Copyright (C) 2002-2017, and GNU GPL'd, by Julian Seward et al.
==27646== Using Valgrind-3.18.1 and LibVEX; rerun with -h for copyright info
==27646== Command: /workspaces/buzzdb/build/test/log_manager_test_valgrind --gtest_color=yes --gtest_output=xml:/workspaces/buzzdb/build/test/unit_log_manager_test_valgrind.xml
==27646== 
[0;32m[==========] [mRunning 10 tests from 1 test case.
[0;32m[----------] [mGlobal test environment set-up.
[0;32m[----------] [m10 tests from LogManagerTest
[0;32m[ RUN      ] [mLogManagerTest.LogRecordTest
[0;32m[       OK ] [mLogManagerTest.LogRecordTest (46 ms)
[0;32m[ RUN      ] [mLogManagerTest.FlushAllTest
[0;32m[       OK ] [mLogManagerTest.FlushAllTest (128 ms)
[0;32m[ RUN      ] [mLogManagerTest.TestCommitCrash
[0;32m[       OK ] [mLogManagerTest.TestCommitCrash (85 ms)
[0;32m[ RUN      ] [mLogManagerTest.TestAbort
[0;32m[       OK ] [mLogManagerTest.TestAbort (50 ms)
[0;32m[ RUN      ] [mLogManagerTest.TestAbortCommitInterleaved
[0;32m[       OK ] [mLogManagerTest.TestAbortCommitInterleaved (45 ms)
[0;32m[ RUN      ] [mLogManagerTest.TestAbortCrash
[0;32m[       OK ] [mLogManagerTest.TestAbortCrash (68 ms)
[0;32m[ RUN      ] [mLogManagerTest.TestCommitAbortCommitCrash
[0;32m[       OK ] [mLogManagerTest.TestCommitAbortCommitCrash (74 ms)
[0;32m[ RUN      ] [mLogManagerTest.TestOpenCrash
[0;32m[       OK ] [mLogManagerTest.TestOpenCrash (22 ms)
[0;32m[ RUN      ] [mLogManagerTest.TestOpenCommitOpenCrash
[0;32m[       OK ] [mLogManagerTest.TestOpenCommitOpenCrash (48 ms)
[0;32m[ RUN      ] [mLogManagerTest.TestOpenCommitCheckpointOpenCrash
[0;32m[       OK ] [mLogManagerTest.TestOpenCommitCheckpointOpenCrash (74 ms)
[0;32m[----------] [m10 tests from LogManagerTest (658 ms total)

[0;32m[----------] [mGlobal test environment tear-down
[0;32m[==========] [m10 tests from 1 test case ran. (685 ms total)
[0;32m[  PASSED  ] [m10 tests.
==27646== 
==27646== HEAP SUMMARY:
==27646==     in use at exit: 0 bytes in 0 blocks
==27646==   total heap usage: 1,774 allocs, 1,774 frees, 249,028 bytes allocated
==27646== 
==27646== All heap blocks were freed -- no leaks are possible
==27646== 
==27646== For lists of detected and suppressed errors, rerun with: -s
==27646== ERROR SUMMARY: 0 errors from 0 contexts (suppressed: 0 from 0)
<end of output>
Test time =   1.32 sec
----------------------------------------------------------
Test Passed.
"log_manager_test_valgrind" end time: Feb 19 00:16 UTC
"log_manager_test_valgrind" time elapsed: 00:00:01
----------------------------------------------------------

End testing: Feb 19 00:16 UTC
