Start testing: Mar 25 04:56 UTC
----------------------------------------------------------
1/2 Testing: buffer_manager_test
1/2 Test: buffer_manager_test
Command: "/workspaces/buzzdb/build/test/buffer_manager_test" "--gtest_color=yes" "--gtest_output=xml:/workspaces/buzzdb/build/test/unit_buffer_manager_test.xml"
Directory: /workspaces/buzzdb/build
"buffer_manager_test" start time: Mar 25 04:56 UTC
Output:
----------------------------------------------------------
[0;32m[==========] [mRunning 13 tests from 3 test cases.
[0;32m[----------] [mGlobal test environment set-up.
[0;32m[----------] [m7 tests from BufferManagerTest
[0;32m[ RUN      ] [mBufferManagerTest.AcquireReadLocksOnSamePage
[0;32m[       OK ] [mBufferManagerTest.AcquireReadLocksOnSamePage (1011 ms)
[0;32m[ RUN      ] [mBufferManagerTest.AcquireReadWriteLocksOnSamePage
[0;32m[       OK ] [mBufferManagerTest.AcquireReadWriteLocksOnSamePage (2022 ms)
[0;32m[ RUN      ] [mBufferManagerTest.AcquireWriteReadLocksOnSamePage
[0;32m[       OK ] [mBufferManagerTest.AcquireWriteReadLocksOnSamePage (2030 ms)
[0;32m[ RUN      ] [mBufferManagerTest.AcquireReadLocksOnTwoPages
[0;32m[       OK ] [mBufferManagerTest.AcquireReadLocksOnTwoPages (1029 ms)
[0;32m[ RUN      ] [mBufferManagerTest.AcquireWriteReadLocksOnTwoPages
[0;32m[       OK ] [mBufferManagerTest.AcquireWriteReadLocksOnTwoPages (1011 ms)
[0;32m[ RUN      ] [mBufferManagerTest.AcquireWriteLocksOnTwoPages
[0;32m[       OK ] [mBufferManagerTest.AcquireWriteLocksOnTwoPages (1018 ms)
[0;32m[ RUN      ] [mBufferManagerTest.AcquireWriteAndReadLocks
[0;32m[       OK ] [mBufferManagerTest.AcquireWriteAndReadLocks (1018 ms)
[0;32m[----------] [m7 tests from BufferManagerTest (9148 ms total)

[0;32m[----------] [m3 tests from BufferManagerTransactionTest
[0;32m[ RUN      ] [mBufferManagerTransactionTest.AttemptTransactionTwice
[0;32m[       OK ] [mBufferManagerTransactionTest.AttemptTransactionTwice (1015 ms)
[0;32m[ RUN      ] [mBufferManagerTransactionTest.AbortTransaction
[0;32m[       OK ] [mBufferManagerTransactionTest.AbortTransaction (7 ms)
[0;32m[ RUN      ] [mBufferManagerTransactionTest.CommitTransaction
DEBUG::READ
------------------------------------------------
Slotted Page:: segment 123 :: page 0 
Header: 
first_free_slot  : 1
data_start       : 112
free_space       : 72
slot_count       : 1
Slot List:  (1 slots)
0 :: [ T: 255 S: 0 O: 112 L: 16 ]
------------------------------------------------
[0;32m[       OK ] [mBufferManagerTransactionTest.CommitTransaction (16 ms)
[0;32m[----------] [m3 tests from BufferManagerTransactionTest (1038 ms total)

[0;32m[----------] [m3 tests from DeadlockTest
[0;32m[ RUN      ] [mDeadlockTest.ReadWriteDeadlock
[0;32m[       OK ] [mDeadlockTest.ReadWriteDeadlock (11027 ms)
[0;32m[ RUN      ] [mDeadlockTest.WriteWriteDeadlock
[0;32m[       OK ] [mDeadlockTest.WriteWriteDeadlock (9023 ms)
[0;32m[ RUN      ] [mDeadlockTest.UpgradeWriteDeadlock
[0;32m[       OK ] [mDeadlockTest.UpgradeWriteDeadlock (9012 ms)
[0;32m[----------] [m3 tests from DeadlockTest (29073 ms total)

[0;32m[----------] [mGlobal test environment tear-down
[0;32m[==========] [m13 tests from 3 test cases ran. (39259 ms total)
[0;32m[  PASSED  ] [m13 tests.
<end of output>
Test time =  39.38 sec
----------------------------------------------------------
Test Passed.
"buffer_manager_test" end time: Mar 25 04:56 UTC
"buffer_manager_test" time elapsed: 00:00:39
----------------------------------------------------------

2/2 Testing: buffer_manager_test_valgrind
2/2 Test: buffer_manager_test_valgrind
Command: "/usr/bin/valgrind" "--error-exitcode=1" "--leak-check=full" "--soname-synonyms=somalloc=*jemalloc*" "--trace-children=yes" "--track-origins=yes" "--suppressions=/workspaces/buzzdb/script/valgrind.supp" "/workspaces/buzzdb/build/test/buffer_manager_test_valgrind" "--gtest_color=yes" "--gtest_output=xml:/workspaces/buzzdb/build/test/unit_buffer_manager_test_valgrind.xml"
Directory: /workspaces/buzzdb/build
"buffer_manager_test_valgrind" start time: Mar 25 04:56 UTC
Output:
----------------------------------------------------------
==50372== Memcheck, a memory error detector
==50372== Copyright (C) 2002-2017, and GNU GPL'd, by Julian Seward et al.
==50372== Using Valgrind-3.18.1 and LibVEX; rerun with -h for copyright info
==50372== Command: /workspaces/buzzdb/build/test/buffer_manager_test_valgrind --gtest_color=yes --gtest_output=xml:/workspaces/buzzdb/build/test/unit_buffer_manager_test_valgrind.xml
==50372== 
[0;32m[==========] [mRunning 13 tests from 3 test cases.
[0;32m[----------] [mGlobal test environment set-up.
[0;32m[----------] [m7 tests from BufferManagerTest
[0;32m[ RUN      ] [mBufferManagerTest.AcquireReadLocksOnSamePage
[0;32m[       OK ] [mBufferManagerTest.AcquireReadLocksOnSamePage (1148 ms)
[0;32m[ RUN      ] [mBufferManagerTest.AcquireReadWriteLocksOnSamePage
[0;32m[       OK ] [mBufferManagerTest.AcquireReadWriteLocksOnSamePage (2074 ms)
[0;32m[ RUN      ] [mBufferManagerTest.AcquireWriteReadLocksOnSamePage
[0;32m[       OK ] [mBufferManagerTest.AcquireWriteReadLocksOnSamePage (2015 ms)
[0;32m[ RUN      ] [mBufferManagerTest.AcquireReadLocksOnTwoPages
[0;32m[       OK ] [mBufferManagerTest.AcquireReadLocksOnTwoPages (1014 ms)
[0;32m[ RUN      ] [mBufferManagerTest.AcquireWriteReadLocksOnTwoPages
[0;32m[       OK ] [mBufferManagerTest.AcquireWriteReadLocksOnTwoPages (1012 ms)
[0;32m[ RUN      ] [mBufferManagerTest.AcquireWriteLocksOnTwoPages
[0;32m[       OK ] [mBufferManagerTest.AcquireWriteLocksOnTwoPages (1028 ms)
[0;32m[ RUN      ] [mBufferManagerTest.AcquireWriteAndReadLocks
[0;32m[       OK ] [mBufferManagerTest.AcquireWriteAndReadLocks (1025 ms)
[0;32m[----------] [m7 tests from BufferManagerTest (9328 ms total)

[0;32m[----------] [m3 tests from BufferManagerTransactionTest
[0;32m[ RUN      ] [mBufferManagerTransactionTest.AttemptTransactionTwice
[0;32m[       OK ] [mBufferManagerTransactionTest.AttemptTransactionTwice (1184 ms)
[0;32m[ RUN      ] [mBufferManagerTransactionTest.AbortTransaction
[0;32m[       OK ] [mBufferManagerTransactionTest.AbortTransaction (18 ms)
[0;32m[ RUN      ] [mBufferManagerTransactionTest.CommitTransaction
DEBUG::READ
------------------------------------------------
Slotted Page:: segment 123 :: page 0 
Header: 
first_free_slot  : 1
data_start       : 112
free_space       : 72
slot_count       : 1
Slot List:  (1 slots)
0 :: [ T: 255 S: 0 O: 112 L: 16 ]
------------------------------------------------
[0;32m[       OK ] [mBufferManagerTransactionTest.CommitTransaction (18 ms)
[0;32m[----------] [m3 tests from BufferManagerTransactionTest (1221 ms total)

[0;32m[----------] [m3 tests from DeadlockTest
[0;32m[ RUN      ] [mDeadlockTest.ReadWriteDeadlock
[0;32m[       OK ] [mDeadlockTest.ReadWriteDeadlock (11624 ms)
[0;32m[ RUN      ] [mDeadlockTest.WriteWriteDeadlock
[0;32m[       OK ] [mDeadlockTest.WriteWriteDeadlock (9307 ms)
[0;32m[ RUN      ] [mDeadlockTest.UpgradeWriteDeadlock
[0;32m[       OK ] [mDeadlockTest.UpgradeWriteDeadlock (10205 ms)
[0;32m[----------] [m3 tests from DeadlockTest (31139 ms total)

[0;32m[----------] [mGlobal test environment tear-down
[0;32m[==========] [m13 tests from 3 test cases ran. (41757 ms total)
[0;32m[  PASSED  ] [m13 tests.
==50372== 
==50372== HEAP SUMMARY:
==50372==     in use at exit: 0 bytes in 0 blocks
==50372==   total heap usage: 1,716 allocs, 1,716 frees, 396,112 bytes allocated
==50372== 
==50372== All heap blocks were freed -- no leaks are possible
==50372== 
==50372== For lists of detected and suppressed errors, rerun with: -s
==50372== ERROR SUMMARY: 0 errors from 0 contexts (suppressed: 0 from 0)
<end of output>
Test time =  43.05 sec
----------------------------------------------------------
Test Passed.
"buffer_manager_test_valgrind" end time: Mar 25 04:57 UTC
"buffer_manager_test_valgrind" time elapsed: 00:00:43
----------------------------------------------------------

End testing: Mar 25 04:57 UTC
